    Finished `dev` profile [unoptimized + debuginfo] target(s) in 0.11s
     Running `target/debug/ubi-chain-node`
[2025-03-10T00:17:46Z INFO  ubi_chain_node] Starting P2P network on 127.0.0.1:30333
[2025-03-10T00:17:46Z INFO  ubi_chain_node] Starting RPC server on 127.0.0.1:9933
[2025-03-10T00:17:46Z INFO  ubi_chain_node] Initialized blockchain runtime
[2025-03-10T00:17:46Z INFO  ubi_chain_node] Starting Ethereum-compatible JSON-RPC server on 127.0.0.1:8545
[2025-03-10T00:17:46Z INFO  ubi_chain_node] Starting block production with 1000ms block time
[2025-03-10T00:17:46Z DEBUG ubi_chain_node] Got 0 transactions for block #1
[2025-03-10T00:17:46Z INFO  ubi_chain_node] Produced block #1 with 0 transactions
[2025-03-10T00:17:46Z DEBUG ubi_chain_node] Block production took 0ms, sleeping for 999ms
[2025-03-10T00:17:46Z DEBUG ubi_chain_node] Received block #1 with 0 transactions
[2025-03-10T00:17:46Z INFO  ubi_chain_node] Ethereum-compatible JSON-RPC server started successfully
[2025-03-10T00:17:46Z ERROR ubi_chain_node] RPC server error: Address already in use (os error 48)
[2025-03-10T00:17:47Z DEBUG ubi_chain_node] Got 0 transactions for block #2
[2025-03-10T00:17:47Z INFO  ubi_chain_node] Produced block #2 with 0 transactions
[2025-03-10T00:17:47Z DEBUG ubi_chain_node] Block production took 0ms, sleeping for 999ms
[2025-03-10T00:17:47Z DEBUG ubi_chain_node] Received block #2 with 0 transactions
[2025-03-10T00:17:48Z DEBUG ubi_chain_node] Got 0 transactions for block #3
[2025-03-10T00:17:48Z INFO  ubi_chain_node] Created and funded test account: 0x1111111111111111111111111111111111111111 with 10 UBI tokens
[2025-03-10T00:17:48Z INFO  ubi_chain_node] Produced block #3 with 0 transactions
[2025-03-10T00:17:48Z INFO  ubi_chain_node] Created and funded test account: 0x2222222222222222222222222222222222222222 with 10 UBI tokens
[2025-03-10T00:17:48Z DEBUG ubi_chain_node] Block production took 0ms, sleeping for 999ms
[2025-03-10T00:17:48Z INFO  ubi_chain_node] Created and funded test account: 0x3333333333333333333333333333333333333333 with 10 UBI tokens
[2025-03-10T00:17:48Z DEBUG ubi_chain_node] Received block #3 with 0 transactions
[2025-03-10T00:17:48Z INFO  ubi_chain_node] Created and funded test account: 0x4444444444444444444444444444444444444444 with 10 UBI tokens
[2025-03-10T00:17:48Z DEBUG ubi_chain_node] Received transaction: Transaction { hash: "0x0000000000000000000000000000000000000000000000000000000000000000", from: "0x1111111111111111111111111111111111111111", to: "0x2222222222222222222222222222222222222222", amount: 1, fee: 0, timestamp: 1741565868 }
[2025-03-10T00:17:48Z DEBUG ubi_chain_node] Received transaction: Transaction { hash: "0x0000000000000000000000000000000000000000000000000000000000000001", from: "0x2222222222222222222222222222222222222222", to: "0x3333333333333333333333333333333333333333", amount: 1, fee: 0, timestamp: 1741565868 }
[2025-03-10T00:17:48Z DEBUG ubi_chain_node] Received transaction: Transaction { hash: "0x0000000000000000000000000000000000000000000000000000000000000002", from: "0x3333333333333333333333333333333333333333", to: "0x4444444444444444444444444444444444444444", amount: 1, fee: 0, timestamp: 1741565868 }
[2025-03-10T00:17:48Z DEBUG ubi_chain_node] Received transaction: Transaction { hash: "0x0000000000000000000000000000000000000000000000000000000000000003", from: "0x4444444444444444444444444444444444444444", to: "0x1111111111111111111111111111111111111111", amount: 1, fee: 0, timestamp: 1741565868 }
[2025-03-10T00:17:48Z DEBUG ubi_chain_node] Received transaction: Transaction { hash: "0x0000000000000000000000000000000000000000000000000000000000000004", from: "0x1111111111111111111111111111111111111111", to: "0x2222222222222222222222222222222222222222", amount: 1, fee: 0, timestamp: 1741565868 }
[2025-03-10T00:17:48Z DEBUG ubi_chain_node] Received transaction: Transaction { hash: "0x0000000000000000000000000000000000000000000000000000000000000005", from: "0x2222222222222222222222222222222222222222", to: "0x3333333333333333333333333333333333333333", amount: 1, fee: 0, timestamp: 1741565868 }
[2025-03-10T00:17:48Z DEBUG ubi_chain_node] Received transaction: Transaction { hash: "0x0000000000000000000000000000000000000000000000000000000000000006", from: "0x3333333333333333333333333333333333333333", to: "0x4444444444444444444444444444444444444444", amount: 1, fee: 0, timestamp: 1741565868 }
[2025-03-10T00:17:49Z DEBUG ubi_chain_node] Received transaction: Transaction { hash: "0x0000000000000000000000000000000000000000000000000000000000000007", from: "0x4444444444444444444444444444444444444444", to: "0x1111111111111111111111111111111111111111", amount: 1, fee: 0, timestamp: 1741565869 }
[2025-03-10T00:17:49Z DEBUG ubi_chain_node] Received transaction: Transaction { hash: "0x0000000000000000000000000000000000000000000000000000000000000008", from: "0x1111111111111111111111111111111111111111", to: "0x2222222222222222222222222222222222222222", amount: 1, fee: 0, timestamp: 1741565869 }
[2025-03-10T00:17:49Z DEBUG ubi_chain_node] Received transaction: Transaction { hash: "0x0000000000000000000000000000000000000000000000000000000000000009", from: "0x2222222222222222222222222222222222222222", to: "0x3333333333333333333333333333333333333333", amount: 1, fee: 0, timestamp: 1741565869 }
[2025-03-10T00:17:49Z DEBUG ubi_chain_node] Got 10 transactions for block #4
[2025-03-10T00:17:49Z DEBUG ubi_chain_node] Processed transaction: 0x1111111111111111111111111111111111111111 -> 0x2222222222222222222222222222222222222222, amount: 1
[2025-03-10T00:17:49Z DEBUG ubi_chain_node] Processed transaction: 0x2222222222222222222222222222222222222222 -> 0x3333333333333333333333333333333333333333, amount: 1
[2025-03-10T00:17:49Z DEBUG ubi_chain_node] Processed transaction: 0x3333333333333333333333333333333333333333 -> 0x4444444444444444444444444444444444444444, amount: 1
[2025-03-10T00:17:49Z DEBUG ubi_chain_node] Processed transaction: 0x4444444444444444444444444444444444444444 -> 0x1111111111111111111111111111111111111111, amount: 1
[2025-03-10T00:17:49Z DEBUG ubi_chain_node] Processed transaction: 0x1111111111111111111111111111111111111111 -> 0x2222222222222222222222222222222222222222, amount: 1
[2025-03-10T00:17:49Z DEBUG ubi_chain_node] Processed transaction: 0x2222222222222222222222222222222222222222 -> 0x3333333333333333333333333333333333333333, amount: 1
[2025-03-10T00:17:49Z DEBUG ubi_chain_node] Processed transaction: 0x3333333333333333333333333333333333333333 -> 0x4444444444444444444444444444444444444444, amount: 1
[2025-03-10T00:17:49Z DEBUG ubi_chain_node] Processed transaction: 0x4444444444444444444444444444444444444444 -> 0x1111111111111111111111111111111111111111, amount: 1
[2025-03-10T00:17:49Z DEBUG ubi_chain_node] Processed transaction: 0x1111111111111111111111111111111111111111 -> 0x2222222222222222222222222222222222222222, amount: 1
[2025-03-10T00:17:49Z DEBUG ubi_chain_node] Processed transaction: 0x2222222222222222222222222222222222222222 -> 0x3333333333333333333333333333333333333333, amount: 1
[2025-03-10T00:17:49Z INFO  ubi_chain_node] Produced block #4 with 10 transactions
[2025-03-10T00:17:49Z DEBUG ubi_chain_node] Block production took 0ms, sleeping for 999ms
[2025-03-10T00:17:49Z DEBUG ubi_chain_node] Received block #4 with 10 transactions
[2025-03-10T00:17:49Z DEBUG ubi_chain_node] Received transaction: Transaction { hash: "0x000000000000000000000000000000000000000000000000000000000000000a", from: "0x3333333333333333333333333333333333333333", to: "0x4444444444444444444444444444444444444444", amount: 1, fee: 0, timestamp: 1741565869 }
[2025-03-10T00:17:49Z DEBUG ubi_chain_node] Received transaction: Transaction { hash: "0x000000000000000000000000000000000000000000000000000000000000000b", from: "0x4444444444444444444444444444444444444444", to: "0x1111111111111111111111111111111111111111", amount: 1, fee: 0, timestamp: 1741565869 }
[2025-03-10T00:17:49Z DEBUG ubi_chain_node] Received transaction: Transaction { hash: "0x000000000000000000000000000000000000000000000000000000000000000c", from: "0x1111111111111111111111111111111111111111", to: "0x2222222222222222222222222222222222222222", amount: 1, fee: 0, timestamp: 1741565869 }
[2025-03-10T00:17:49Z DEBUG ubi_chain_node] Received transaction: Transaction { hash: "0x000000000000000000000000000000000000000000000000000000000000000d", from: "0x2222222222222222222222222222222222222222", to: "0x3333333333333333333333333333333333333333", amount: 1, fee: 0, timestamp: 1741565869 }
[2025-03-10T00:17:49Z DEBUG ubi_chain_node] Received transaction: Transaction { hash: "0x000000000000000000000000000000000000000000000000000000000000000e", from: "0x3333333333333333333333333333333333333333", to: "0x4444444444444444444444444444444444444444", amount: 1, fee: 0, timestamp: 1741565869 }
[2025-03-10T00:17:49Z DEBUG ubi_chain_node] Received transaction: Transaction { hash: "0x000000000000000000000000000000000000000000000000000000000000000f", from: "0x4444444444444444444444444444444444444444", to: "0x1111111111111111111111111111111111111111", amount: 1, fee: 0, timestamp: 1741565869 }
[2025-03-10T00:17:49Z DEBUG ubi_chain_node] Received transaction: Transaction { hash: "0x0000000000000000000000000000000000000000000000000000000000000010", from: "0x1111111111111111111111111111111111111111", to: "0x2222222222222222222222222222222222222222", amount: 1, fee: 0, timestamp: 1741565869 }
[2025-03-10T00:17:50Z DEBUG ubi_chain_node] Received transaction: Transaction { hash: "0x0000000000000000000000000000000000000000000000000000000000000011", from: "0x2222222222222222222222222222222222222222", to: "0x3333333333333333333333333333333333333333", amount: 1, fee: 0, timestamp: 1741565870 }
[2025-03-10T00:17:50Z DEBUG ubi_chain_node] Received transaction: Transaction { hash: "0x0000000000000000000000000000000000000000000000000000000000000012", from: "0x3333333333333333333333333333333333333333", to: "0x4444444444444444444444444444444444444444", amount: 1, fee: 0, timestamp: 1741565870 }
[2025-03-10T00:17:50Z DEBUG ubi_chain_node] Received transaction: Transaction { hash: "0x0000000000000000000000000000000000000000000000000000000000000013", from: "0x4444444444444444444444444444444444444444", to: "0x1111111111111111111111111111111111111111", amount: 1, fee: 0, timestamp: 1741565870 }
[2025-03-10T00:17:50Z DEBUG ubi_chain_node] Got 10 transactions for block #5
[2025-03-10T00:17:50Z DEBUG ubi_chain_node] Processed transaction: 0x3333333333333333333333333333333333333333 -> 0x4444444444444444444444444444444444444444, amount: 1
[2025-03-10T00:17:50Z DEBUG ubi_chain_node] Processed transaction: 0x4444444444444444444444444444444444444444 -> 0x1111111111111111111111111111111111111111, amount: 1
[2025-03-10T00:17:50Z DEBUG ubi_chain_node] Processed transaction: 0x1111111111111111111111111111111111111111 -> 0x2222222222222222222222222222222222222222, amount: 1
[2025-03-10T00:17:50Z DEBUG ubi_chain_node] Processed transaction: 0x2222222222222222222222222222222222222222 -> 0x3333333333333333333333333333333333333333, amount: 1
[2025-03-10T00:17:50Z DEBUG ubi_chain_node] Processed transaction: 0x3333333333333333333333333333333333333333 -> 0x4444444444444444444444444444444444444444, amount: 1
[2025-03-10T00:17:50Z DEBUG ubi_chain_node] Processed transaction: 0x4444444444444444444444444444444444444444 -> 0x1111111111111111111111111111111111111111, amount: 1
[2025-03-10T00:17:50Z DEBUG ubi_chain_node] Processed transaction: 0x1111111111111111111111111111111111111111 -> 0x2222222222222222222222222222222222222222, amount: 1
[2025-03-10T00:17:50Z DEBUG ubi_chain_node] Processed transaction: 0x2222222222222222222222222222222222222222 -> 0x3333333333333333333333333333333333333333, amount: 1
[2025-03-10T00:17:50Z DEBUG ubi_chain_node] Processed transaction: 0x3333333333333333333333333333333333333333 -> 0x4444444444444444444444444444444444444444, amount: 1
[2025-03-10T00:17:50Z DEBUG ubi_chain_node] Processed transaction: 0x4444444444444444444444444444444444444444 -> 0x1111111111111111111111111111111111111111, amount: 1
[2025-03-10T00:17:50Z INFO  ubi_chain_node] Produced block #5 with 10 transactions
[2025-03-10T00:17:50Z DEBUG ubi_chain_node] Block production took 0ms, sleeping for 999ms
[2025-03-10T00:17:50Z DEBUG ubi_chain_node] Received block #5 with 10 transactions
[2025-03-10T00:17:50Z DEBUG ubi_chain_node] Received transaction: Transaction { hash: "0x0000000000000000000000000000000000000000000000000000000000000014", from: "0x1111111111111111111111111111111111111111", to: "0x2222222222222222222222222222222222222222", amount: 1, fee: 0, timestamp: 1741565870 }
[2025-03-10T00:17:50Z DEBUG ubi_chain_node] Received transaction: Transaction { hash: "0x0000000000000000000000000000000000000000000000000000000000000015", from: "0x2222222222222222222222222222222222222222", to: "0x3333333333333333333333333333333333333333", amount: 1, fee: 0, timestamp: 1741565870 }
[2025-03-10T00:17:50Z DEBUG ubi_chain_node] Received transaction: Transaction { hash: "0x0000000000000000000000000000000000000000000000000000000000000016", from: "0x3333333333333333333333333333333333333333", to: "0x4444444444444444444444444444444444444444", amount: 1, fee: 0, timestamp: 1741565870 }
[2025-03-10T00:17:50Z DEBUG ubi_chain_node] Received transaction: Transaction { hash: "0x0000000000000000000000000000000000000000000000000000000000000017", from: "0x4444444444444444444444444444444444444444", to: "0x1111111111111111111111111111111111111111", amount: 1, fee: 0, timestamp: 1741565870 }
[2025-03-10T00:17:50Z DEBUG ubi_chain_node] Received transaction: Transaction { hash: "0x0000000000000000000000000000000000000000000000000000000000000018", from: "0x1111111111111111111111111111111111111111", to: "0x2222222222222222222222222222222222222222", amount: 1, fee: 0, timestamp: 1741565870 }
[2025-03-10T00:17:50Z DEBUG ubi_chain_node] Received transaction: Transaction { hash: "0x0000000000000000000000000000000000000000000000000000000000000019", from: "0x2222222222222222222222222222222222222222", to: "0x3333333333333333333333333333333333333333", amount: 1, fee: 0, timestamp: 1741565870 }
[2025-03-10T00:17:50Z DEBUG ubi_chain_node] Received transaction: Transaction { hash: "0x000000000000000000000000000000000000000000000000000000000000001a", from: "0x3333333333333333333333333333333333333333", to: "0x4444444444444444444444444444444444444444", amount: 1, fee: 0, timestamp: 1741565870 }
[2025-03-10T00:17:51Z DEBUG ubi_chain_node] Received transaction: Transaction { hash: "0x000000000000000000000000000000000000000000000000000000000000001b", from: "0x4444444444444444444444444444444444444444", to: "0x1111111111111111111111111111111111111111", amount: 1, fee: 0, timestamp: 1741565871 }
[2025-03-10T00:17:51Z DEBUG ubi_chain_node] Received transaction: Transaction { hash: "0x000000000000000000000000000000000000000000000000000000000000001c", from: "0x1111111111111111111111111111111111111111", to: "0x2222222222222222222222222222222222222222", amount: 1, fee: 0, timestamp: 1741565871 }
[2025-03-10T00:17:51Z DEBUG ubi_chain_node] Received transaction: Transaction { hash: "0x000000000000000000000000000000000000000000000000000000000000001d", from: "0x2222222222222222222222222222222222222222", to: "0x3333333333333333333333333333333333333333", amount: 1, fee: 0, timestamp: 1741565871 }
[2025-03-10T00:17:51Z DEBUG ubi_chain_node] Got 10 transactions for block #6
[2025-03-10T00:17:51Z DEBUG ubi_chain_node] Processed transaction: 0x1111111111111111111111111111111111111111 -> 0x2222222222222222222222222222222222222222, amount: 1
[2025-03-10T00:17:51Z DEBUG ubi_chain_node] Processed transaction: 0x2222222222222222222222222222222222222222 -> 0x3333333333333333333333333333333333333333, amount: 1
[2025-03-10T00:17:51Z DEBUG ubi_chain_node] Processed transaction: 0x3333333333333333333333333333333333333333 -> 0x4444444444444444444444444444444444444444, amount: 1
[2025-03-10T00:17:51Z DEBUG ubi_chain_node] Processed transaction: 0x4444444444444444444444444444444444444444 -> 0x1111111111111111111111111111111111111111, amount: 1
[2025-03-10T00:17:51Z DEBUG ubi_chain_node] Processed transaction: 0x1111111111111111111111111111111111111111 -> 0x2222222222222222222222222222222222222222, amount: 1
[2025-03-10T00:17:51Z DEBUG ubi_chain_node] Processed transaction: 0x2222222222222222222222222222222222222222 -> 0x3333333333333333333333333333333333333333, amount: 1
[2025-03-10T00:17:51Z DEBUG ubi_chain_node] Processed transaction: 0x3333333333333333333333333333333333333333 -> 0x4444444444444444444444444444444444444444, amount: 1
[2025-03-10T00:17:51Z DEBUG ubi_chain_node] Processed transaction: 0x4444444444444444444444444444444444444444 -> 0x1111111111111111111111111111111111111111, amount: 1
[2025-03-10T00:17:51Z DEBUG ubi_chain_node] Processed transaction: 0x1111111111111111111111111111111111111111 -> 0x2222222222222222222222222222222222222222, amount: 1
[2025-03-10T00:17:51Z DEBUG ubi_chain_node] Processed transaction: 0x2222222222222222222222222222222222222222 -> 0x3333333333333333333333333333333333333333, amount: 1
[2025-03-10T00:17:51Z INFO  ubi_chain_node] Produced block #6 with 10 transactions
[2025-03-10T00:17:51Z DEBUG ubi_chain_node] Block production took 0ms, sleeping for 999ms
[2025-03-10T00:17:51Z DEBUG ubi_chain_node] Received block #6 with 10 transactions
[2025-03-10T00:17:51Z DEBUG ubi_chain_node] Received transaction: Transaction { hash: "0x000000000000000000000000000000000000000000000000000000000000001e", from: "0x3333333333333333333333333333333333333333", to: "0x4444444444444444444444444444444444444444", amount: 1, fee: 0, timestamp: 1741565871 }
[2025-03-10T00:17:51Z DEBUG ubi_chain_node] Received transaction: Transaction { hash: "0x000000000000000000000000000000000000000000000000000000000000001f", from: "0x4444444444444444444444444444444444444444", to: "0x1111111111111111111111111111111111111111", amount: 1, fee: 0, timestamp: 1741565871 }
[2025-03-10T00:17:51Z DEBUG ubi_chain_node] Received transaction: Transaction { hash: "0x0000000000000000000000000000000000000000000000000000000000000020", from: "0x1111111111111111111111111111111111111111", to: "0x2222222222222222222222222222222222222222", amount: 1, fee: 0, timestamp: 1741565871 }
[2025-03-10T00:17:51Z DEBUG ubi_chain_node] Received transaction: Transaction { hash: "0x0000000000000000000000000000000000000000000000000000000000000021", from: "0x2222222222222222222222222222222222222222", to: "0x3333333333333333333333333333333333333333", amount: 1, fee: 0, timestamp: 1741565871 }
[2025-03-10T00:17:51Z DEBUG ubi_chain_node] Received transaction: Transaction { hash: "0x0000000000000000000000000000000000000000000000000000000000000022", from: "0x3333333333333333333333333333333333333333", to: "0x4444444444444444444444444444444444444444", amount: 1, fee: 0, timestamp: 1741565871 }
[2025-03-10T00:17:51Z DEBUG ubi_chain_node] Received transaction: Transaction { hash: "0x0000000000000000000000000000000000000000000000000000000000000023", from: "0x4444444444444444444444444444444444444444", to: "0x1111111111111111111111111111111111111111", amount: 1, fee: 0, timestamp: 1741565871 }
[2025-03-10T00:17:52Z DEBUG ubi_chain_node] Received transaction: Transaction { hash: "0x0000000000000000000000000000000000000000000000000000000000000024", from: "0x1111111111111111111111111111111111111111", to: "0x2222222222222222222222222222222222222222", amount: 1, fee: 0, timestamp: 1741565872 }
[2025-03-10T00:17:52Z DEBUG ubi_chain_node] Received transaction: Transaction { hash: "0x0000000000000000000000000000000000000000000000000000000000000025", from: "0x2222222222222222222222222222222222222222", to: "0x3333333333333333333333333333333333333333", amount: 1, fee: 0, timestamp: 1741565872 }
[2025-03-10T00:17:52Z DEBUG ubi_chain_node] Received transaction: Transaction { hash: "0x0000000000000000000000000000000000000000000000000000000000000026", from: "0x3333333333333333333333333333333333333333", to: "0x4444444444444444444444444444444444444444", amount: 1, fee: 0, timestamp: 1741565872 }
[2025-03-10T00:17:52Z DEBUG ubi_chain_node] Received transaction: Transaction { hash: "0x0000000000000000000000000000000000000000000000000000000000000027", from: "0x4444444444444444444444444444444444444444", to: "0x1111111111111111111111111111111111111111", amount: 1, fee: 0, timestamp: 1741565872 }
[2025-03-10T00:17:52Z DEBUG ubi_chain_node] Got 10 transactions for block #7
[2025-03-10T00:17:52Z DEBUG ubi_chain_node] Processed transaction: 0x3333333333333333333333333333333333333333 -> 0x4444444444444444444444444444444444444444, amount: 1
[2025-03-10T00:17:52Z DEBUG ubi_chain_node] Processed transaction: 0x4444444444444444444444444444444444444444 -> 0x1111111111111111111111111111111111111111, amount: 1
[2025-03-10T00:17:52Z DEBUG ubi_chain_node] Processed transaction: 0x1111111111111111111111111111111111111111 -> 0x2222222222222222222222222222222222222222, amount: 1
[2025-03-10T00:17:52Z DEBUG ubi_chain_node] Processed transaction: 0x2222222222222222222222222222222222222222 -> 0x3333333333333333333333333333333333333333, amount: 1
[2025-03-10T00:17:52Z DEBUG ubi_chain_node] Processed transaction: 0x3333333333333333333333333333333333333333 -> 0x4444444444444444444444444444444444444444, amount: 1
[2025-03-10T00:17:52Z DEBUG ubi_chain_node] Processed transaction: 0x4444444444444444444444444444444444444444 -> 0x1111111111111111111111111111111111111111, amount: 1
[2025-03-10T00:17:52Z DEBUG ubi_chain_node] Processed transaction: 0x1111111111111111111111111111111111111111 -> 0x2222222222222222222222222222222222222222, amount: 1
[2025-03-10T00:17:52Z DEBUG ubi_chain_node] Processed transaction: 0x2222222222222222222222222222222222222222 -> 0x3333333333333333333333333333333333333333, amount: 1
[2025-03-10T00:17:52Z DEBUG ubi_chain_node] Processed transaction: 0x3333333333333333333333333333333333333333 -> 0x4444444444444444444444444444444444444444, amount: 1
[2025-03-10T00:17:52Z DEBUG ubi_chain_node] Processed transaction: 0x4444444444444444444444444444444444444444 -> 0x1111111111111111111111111111111111111111, amount: 1
[2025-03-10T00:17:52Z INFO  ubi_chain_node] Produced block #7 with 10 transactions
[2025-03-10T00:17:52Z DEBUG ubi_chain_node] Block production took 0ms, sleeping for 999ms
[2025-03-10T00:17:52Z DEBUG ubi_chain_node] Received block #7 with 10 transactions
[2025-03-10T00:17:52Z DEBUG ubi_chain_node] Received transaction: Transaction { hash: "0x0000000000000000000000000000000000000000000000000000000000000028", from: "0x1111111111111111111111111111111111111111", to: "0x2222222222222222222222222222222222222222", amount: 1, fee: 0, timestamp: 1741565872 }
[2025-03-10T00:17:52Z DEBUG ubi_chain_node] Received transaction: Transaction { hash: "0x0000000000000000000000000000000000000000000000000000000000000029", from: "0x2222222222222222222222222222222222222222", to: "0x3333333333333333333333333333333333333333", amount: 1, fee: 0, timestamp: 1741565872 }
[2025-03-10T00:17:52Z DEBUG ubi_chain_node] Received transaction: Transaction { hash: "0x000000000000000000000000000000000000000000000000000000000000002a", from: "0x3333333333333333333333333333333333333333", to: "0x4444444444444444444444444444444444444444", amount: 1, fee: 0, timestamp: 1741565872 }
[2025-03-10T00:17:52Z DEBUG ubi_chain_node] Received transaction: Transaction { hash: "0x000000000000000000000000000000000000000000000000000000000000002b", from: "0x4444444444444444444444444444444444444444", to: "0x1111111111111111111111111111111111111111", amount: 1, fee: 0, timestamp: 1741565872 }
[2025-03-10T00:17:52Z DEBUG ubi_chain_node] Received transaction: Transaction { hash: "0x000000000000000000000000000000000000000000000000000000000000002c", from: "0x1111111111111111111111111111111111111111", to: "0x2222222222222222222222222222222222222222", amount: 1, fee: 0, timestamp: 1741565872 }
[2025-03-10T00:17:52Z DEBUG ubi_chain_node] Received transaction: Transaction { hash: "0x000000000000000000000000000000000000000000000000000000000000002d", from: "0x2222222222222222222222222222222222222222", to: "0x3333333333333333333333333333333333333333", amount: 1, fee: 0, timestamp: 1741565872 }
[2025-03-10T00:17:53Z DEBUG ubi_chain_node] Received transaction: Transaction { hash: "0x000000000000000000000000000000000000000000000000000000000000002e", from: "0x3333333333333333333333333333333333333333", to: "0x4444444444444444444444444444444444444444", amount: 1, fee: 0, timestamp: 1741565873 }
[2025-03-10T00:17:53Z DEBUG ubi_chain_node] Received transaction: Transaction { hash: "0x000000000000000000000000000000000000000000000000000000000000002f", from: "0x4444444444444444444444444444444444444444", to: "0x1111111111111111111111111111111111111111", amount: 1, fee: 0, timestamp: 1741565873 }
[2025-03-10T00:17:53Z DEBUG ubi_chain_node] Received transaction: Transaction { hash: "0x0000000000000000000000000000000000000000000000000000000000000030", from: "0x1111111111111111111111111111111111111111", to: "0x2222222222222222222222222222222222222222", amount: 1, fee: 0, timestamp: 1741565873 }
[2025-03-10T00:17:53Z DEBUG ubi_chain_node] Received transaction: Transaction { hash: "0x0000000000000000000000000000000000000000000000000000000000000031", from: "0x2222222222222222222222222222222222222222", to: "0x3333333333333333333333333333333333333333", amount: 1, fee: 0, timestamp: 1741565873 }
[2025-03-10T00:17:53Z DEBUG ubi_chain_node] Got 10 transactions for block #8
[2025-03-10T00:17:53Z DEBUG ubi_chain_node] Processed transaction: 0x1111111111111111111111111111111111111111 -> 0x2222222222222222222222222222222222222222, amount: 1
[2025-03-10T00:17:53Z DEBUG ubi_chain_node] Processed transaction: 0x2222222222222222222222222222222222222222 -> 0x3333333333333333333333333333333333333333, amount: 1
[2025-03-10T00:17:53Z DEBUG ubi_chain_node] Processed transaction: 0x3333333333333333333333333333333333333333 -> 0x4444444444444444444444444444444444444444, amount: 1
[2025-03-10T00:17:53Z DEBUG ubi_chain_node] Processed transaction: 0x4444444444444444444444444444444444444444 -> 0x1111111111111111111111111111111111111111, amount: 1
[2025-03-10T00:17:53Z DEBUG ubi_chain_node] Processed transaction: 0x1111111111111111111111111111111111111111 -> 0x2222222222222222222222222222222222222222, amount: 1
[2025-03-10T00:17:53Z DEBUG ubi_chain_node] Processed transaction: 0x2222222222222222222222222222222222222222 -> 0x3333333333333333333333333333333333333333, amount: 1
[2025-03-10T00:17:53Z DEBUG ubi_chain_node] Processed transaction: 0x3333333333333333333333333333333333333333 -> 0x4444444444444444444444444444444444444444, amount: 1
[2025-03-10T00:17:53Z DEBUG ubi_chain_node] Processed transaction: 0x4444444444444444444444444444444444444444 -> 0x1111111111111111111111111111111111111111, amount: 1
[2025-03-10T00:17:53Z DEBUG ubi_chain_node] Processed transaction: 0x1111111111111111111111111111111111111111 -> 0x2222222222222222222222222222222222222222, amount: 1
[2025-03-10T00:17:53Z DEBUG ubi_chain_node] Processed transaction: 0x2222222222222222222222222222222222222222 -> 0x3333333333333333333333333333333333333333, amount: 1
[2025-03-10T00:17:53Z INFO  ubi_chain_node] Produced block #8 with 10 transactions
[2025-03-10T00:17:53Z DEBUG ubi_chain_node] Block production took 0ms, sleeping for 999ms
[2025-03-10T00:17:53Z DEBUG ubi_chain_node] Received block #8 with 10 transactions
[2025-03-10T00:17:53Z DEBUG ubi_chain_node] Received transaction: Transaction { hash: "0x0000000000000000000000000000000000000000000000000000000000000032", from: "0x3333333333333333333333333333333333333333", to: "0x4444444444444444444444444444444444444444", amount: 1, fee: 0, timestamp: 1741565873 }
[2025-03-10T00:17:53Z DEBUG ubi_chain_node] Received transaction: Transaction { hash: "0x0000000000000000000000000000000000000000000000000000000000000033", from: "0x4444444444444444444444444444444444444444", to: "0x1111111111111111111111111111111111111111", amount: 1, fee: 0, timestamp: 1741565873 }
[2025-03-10T00:17:53Z DEBUG ubi_chain_node] Received transaction: Transaction { hash: "0x0000000000000000000000000000000000000000000000000000000000000034", from: "0x1111111111111111111111111111111111111111", to: "0x2222222222222222222222222222222222222222", amount: 1, fee: 0, timestamp: 1741565873 }
[2025-03-10T00:17:53Z DEBUG ubi_chain_node] Received transaction: Transaction { hash: "0x0000000000000000000000000000000000000000000000000000000000000035", from: "0x2222222222222222222222222222222222222222", to: "0x3333333333333333333333333333333333333333", amount: 1, fee: 0, timestamp: 1741565873 }
[2025-03-10T00:17:53Z DEBUG ubi_chain_node] Received transaction: Transaction { hash: "0x0000000000000000000000000000000000000000000000000000000000000036", from: "0x3333333333333333333333333333333333333333", to: "0x4444444444444444444444444444444444444444", amount: 1, fee: 0, timestamp: 1741565873 }
[2025-03-10T00:17:53Z DEBUG ubi_chain_node] Received transaction: Transaction { hash: "0x0000000000000000000000000000000000000000000000000000000000000037", from: "0x4444444444444444444444444444444444444444", to: "0x1111111111111111111111111111111111111111", amount: 1, fee: 0, timestamp: 1741565873 }
[2025-03-10T00:17:54Z DEBUG ubi_chain_node] Received transaction: Transaction { hash: "0x0000000000000000000000000000000000000000000000000000000000000038", from: "0x1111111111111111111111111111111111111111", to: "0x2222222222222222222222222222222222222222", amount: 1, fee: 0, timestamp: 1741565874 }
[2025-03-10T00:17:54Z DEBUG ubi_chain_node] Received transaction: Transaction { hash: "0x0000000000000000000000000000000000000000000000000000000000000039", from: "0x2222222222222222222222222222222222222222", to: "0x3333333333333333333333333333333333333333", amount: 1, fee: 0, timestamp: 1741565874 }
[2025-03-10T00:17:54Z DEBUG ubi_chain_node] Received transaction: Transaction { hash: "0x000000000000000000000000000000000000000000000000000000000000003a", from: "0x3333333333333333333333333333333333333333", to: "0x4444444444444444444444444444444444444444", amount: 1, fee: 0, timestamp: 1741565874 }
[2025-03-10T00:17:54Z DEBUG ubi_chain_node] Got 9 transactions for block #9
[2025-03-10T00:17:54Z DEBUG ubi_chain_node] Processed transaction: 0x3333333333333333333333333333333333333333 -> 0x4444444444444444444444444444444444444444, amount: 1
[2025-03-10T00:17:54Z DEBUG ubi_chain_node] Processed transaction: 0x4444444444444444444444444444444444444444 -> 0x1111111111111111111111111111111111111111, amount: 1
[2025-03-10T00:17:54Z DEBUG ubi_chain_node] Processed transaction: 0x1111111111111111111111111111111111111111 -> 0x2222222222222222222222222222222222222222, amount: 1
[2025-03-10T00:17:54Z DEBUG ubi_chain_node] Processed transaction: 0x2222222222222222222222222222222222222222 -> 0x3333333333333333333333333333333333333333, amount: 1
[2025-03-10T00:17:54Z DEBUG ubi_chain_node] Processed transaction: 0x3333333333333333333333333333333333333333 -> 0x4444444444444444444444444444444444444444, amount: 1
[2025-03-10T00:17:54Z DEBUG ubi_chain_node] Processed transaction: 0x4444444444444444444444444444444444444444 -> 0x1111111111111111111111111111111111111111, amount: 1
[2025-03-10T00:17:54Z DEBUG ubi_chain_node] Processed transaction: 0x1111111111111111111111111111111111111111 -> 0x2222222222222222222222222222222222222222, amount: 1
[2025-03-10T00:17:54Z DEBUG ubi_chain_node] Processed transaction: 0x2222222222222222222222222222222222222222 -> 0x3333333333333333333333333333333333333333, amount: 1
[2025-03-10T00:17:54Z DEBUG ubi_chain_node] Processed transaction: 0x3333333333333333333333333333333333333333 -> 0x4444444444444444444444444444444444444444, amount: 1
[2025-03-10T00:17:54Z INFO  ubi_chain_node] Produced block #9 with 9 transactions
[2025-03-10T00:17:54Z DEBUG ubi_chain_node] Block production took 0ms, sleeping for 999ms
[2025-03-10T00:17:54Z DEBUG ubi_chain_node] Received block #9 with 9 transactions
[2025-03-10T00:17:54Z DEBUG ubi_chain_node] Received transaction: Transaction { hash: "0x000000000000000000000000000000000000000000000000000000000000003b", from: "0x4444444444444444444444444444444444444444", to: "0x1111111111111111111111111111111111111111", amount: 1, fee: 0, timestamp: 1741565874 }
[2025-03-10T00:17:54Z DEBUG ubi_chain_node] Received transaction: Transaction { hash: "0x000000000000000000000000000000000000000000000000000000000000003c", from: "0x1111111111111111111111111111111111111111", to: "0x2222222222222222222222222222222222222222", amount: 1, fee: 0, timestamp: 1741565874 }
[2025-03-10T00:17:54Z DEBUG ubi_chain_node] Received transaction: Transaction { hash: "0x000000000000000000000000000000000000000000000000000000000000003d", from: "0x2222222222222222222222222222222222222222", to: "0x3333333333333333333333333333333333333333", amount: 1, fee: 0, timestamp: 1741565874 }
[2025-03-10T00:17:54Z DEBUG ubi_chain_node] Received transaction: Transaction { hash: "0x000000000000000000000000000000000000000000000000000000000000003e", from: "0x3333333333333333333333333333333333333333", to: "0x4444444444444444444444444444444444444444", amount: 1, fee: 0, timestamp: 1741565874 }
[2025-03-10T00:17:54Z DEBUG ubi_chain_node] Received transaction: Transaction { hash: "0x000000000000000000000000000000000000000000000000000000000000003f", from: "0x4444444444444444444444444444444444444444", to: "0x1111111111111111111111111111111111111111", amount: 1, fee: 0, timestamp: 1741565874 }
[2025-03-10T00:17:54Z DEBUG ubi_chain_node] Received transaction: Transaction { hash: "0x0000000000000000000000000000000000000000000000000000000000000040", from: "0x1111111111111111111111111111111111111111", to: "0x2222222222222222222222222222222222222222", amount: 1, fee: 0, timestamp: 1741565874 }
[2025-03-10T00:17:54Z DEBUG ubi_chain_node] Received transaction: Transaction { hash: "0x0000000000000000000000000000000000000000000000000000000000000041", from: "0x2222222222222222222222222222222222222222", to: "0x3333333333333333333333333333333333333333", amount: 1, fee: 0, timestamp: 1741565874 }
[2025-03-10T00:17:54Z DEBUG rpc] Response: {"jsonrpc":"2.0","result":"0x1","id":7845232645949667}.
[2025-03-10T00:17:55Z DEBUG ubi_chain_node] Received transaction: Transaction { hash: "0x0000000000000000000000000000000000000000000000000000000000000042", from: "0x3333333333333333333333333333333333333333", to: "0x4444444444444444444444444444444444444444", amount: 1, fee: 0, timestamp: 1741565875 }
[2025-03-10T00:17:55Z DEBUG ubi_chain_node] Received transaction: Transaction { hash: "0x0000000000000000000000000000000000000000000000000000000000000043", from: "0x4444444444444444444444444444444444444444", to: "0x1111111111111111111111111111111111111111", amount: 1, fee: 0, timestamp: 1741565875 }
[2025-03-10T00:17:55Z DEBUG ubi_chain_node] Received transaction: Transaction { hash: "0x0000000000000000000000000000000000000000000000000000000000000044", from: "0x1111111111111111111111111111111111111111", to: "0x2222222222222222222222222222222222222222", amount: 1, fee: 0, timestamp: 1741565875 }
[2025-03-10T00:17:55Z DEBUG ubi_chain_node] Got 10 transactions for block #10
[2025-03-10T00:17:55Z DEBUG ubi_chain_node] Processed transaction: 0x4444444444444444444444444444444444444444 -> 0x1111111111111111111111111111111111111111, amount: 1
[2025-03-10T00:17:55Z DEBUG ubi_chain_node] Processed transaction: 0x1111111111111111111111111111111111111111 -> 0x2222222222222222222222222222222222222222, amount: 1
[2025-03-10T00:17:55Z DEBUG ubi_chain_node] Processed transaction: 0x2222222222222222222222222222222222222222 -> 0x3333333333333333333333333333333333333333, amount: 1
[2025-03-10T00:17:55Z DEBUG ubi_chain_node] Processed transaction: 0x3333333333333333333333333333333333333333 -> 0x4444444444444444444444444444444444444444, amount: 1
[2025-03-10T00:17:55Z DEBUG ubi_chain_node] Processed transaction: 0x4444444444444444444444444444444444444444 -> 0x1111111111111111111111111111111111111111, amount: 1
[2025-03-10T00:17:55Z DEBUG ubi_chain_node] Processed transaction: 0x1111111111111111111111111111111111111111 -> 0x2222222222222222222222222222222222222222, amount: 1
[2025-03-10T00:17:55Z DEBUG ubi_chain_node] Processed transaction: 0x2222222222222222222222222222222222222222 -> 0x3333333333333333333333333333333333333333, amount: 1
[2025-03-10T00:17:55Z DEBUG ubi_chain_node] Processed transaction: 0x3333333333333333333333333333333333333333 -> 0x4444444444444444444444444444444444444444, amount: 1
[2025-03-10T00:17:55Z DEBUG ubi_chain_node] Processed transaction: 0x4444444444444444444444444444444444444444 -> 0x1111111111111111111111111111111111111111, amount: 1
[2025-03-10T00:17:55Z DEBUG ubi_chain_node] Processed transaction: 0x1111111111111111111111111111111111111111 -> 0x2222222222222222222222222222222222222222, amount: 1
[2025-03-10T00:17:55Z INFO  ubi_chain_node] Produced block #10 with 10 transactions
[2025-03-10T00:18:14Z DEBUG rpc] Response: {"jsonrpc":"2.0","result":"0x1","id":7845232645949668}.
[2025-03-10T00:18:35Z DEBUG rpc] Response: {"jsonrpc":"2.0","result":"0x1","id":7845232645949669}.
[2025-03-10T00:18:55Z DEBUG rpc] Response: {"jsonrpc":"2.0","result":"0x1","id":7845232645949670}.
[2025-03-10T00:33:57Z DEBUG rpc] Response: {"jsonrpc":"2.0","result":"0x1","id":7845232645949711}.
[2025-03-10T00:34:17Z DEBUG rpc] Response: {"jsonrpc":"2.0","result":"0x1","id":7845232645949712}.
