warning: unused import: `warn`
  --> rpc/src/lib.rs:14:17
   |
14 | use log::{info, warn, error};
   |                 ^^^^
   |
   = note: `#[warn(unused_imports)]` on by default

warning: unused import: `Mutex`
  --> rpc/src/lib.rs:25:22
   |
25 | use std::sync::{Arc, Mutex};
   |                      ^^^^^

warning: unused imports: `SystemTime` and `UNIX_EPOCH`
  --> rpc/src/lib.rs:26:17
   |
26 | use std::time::{SystemTime, UNIX_EPOCH};
   |                 ^^^^^^^^^^  ^^^^^^^^^^

warning: unused import: `std::collections::HashMap`
  --> rpc/src/lib.rs:27:5
   |
27 | use std::collections::HashMap;
   |     ^^^^^^^^^^^^^^^^^^^^^^^^^

warning: unused import: `std::fmt`
  --> rpc/src/lib.rs:30:5
   |
30 | use std::fmt;
   |     ^^^^^^^^

warning: `ubi-chain-rpc` (lib) generated 5 warnings (run `cargo fix --lib -p ubi-chain-rpc` to apply 5 suggestions)
    Finished `dev` profile [unoptimized + debuginfo] target(s) in 0.24s
     Running `target/debug/eth_rpc_server '127.0.0.1:8545' '127.0.0.1:8546' 2030`
[2025-03-11T19:32:58Z INFO  eth_rpc_server] Starting Ethereum-compatible JSON-RPC servers
[2025-03-11T19:32:58Z INFO  eth_rpc_server] HTTP server address: 127.0.0.1:8545
[2025-03-11T19:32:58Z INFO  eth_rpc_server] WebSocket server address: 127.0.0.1:8546
[2025-03-11T19:32:58Z INFO  eth_rpc_server] Chain ID: 2030
[2025-03-11T19:32:58Z INFO  eth_rpc_server] Created node account: 0x0000000000000000000000000000000000000001
[2025-03-11T19:32:58Z INFO  eth_rpc_server] Funded node account with 1,000,000 UBI tokens. New balance: 1000000
[2025-03-11T19:32:58Z INFO  eth_rpc_server] HTTP server started successfully on 127.0.0.1:8545
[2025-03-11T19:32:58Z INFO  parity_ws] Listening for new connections on 127.0.0.1:8546.
[2025-03-11T19:32:58Z INFO  eth_rpc_server] WebSocket server started successfully on 127.0.0.1:8546
[2025-03-11T19:33:00Z INFO  ubi_chain_rpc::eth_compat] eth_chainId called
[2025-03-11T19:33:00Z INFO  ubi_chain_rpc::eth_compat] eth_chainId returning: 0x7ee
Ethereum RPC: Faucet request for address=0x221f75a62Af16e13c65C3c697c6491a3F187DDA0, amount=Some(23)
[2025-03-11T19:33:51Z INFO  ubi_chain_rpc] Created new account for recipient: 0x221f75a62af16e13c65c3c697c6491a3f187dda0
[2025-03-11T19:33:51Z INFO  ubi_chain_rpc] Faucet transfer successful: 23 tokens sent to 0x221f75a62af16e13c65c3c697c6491a3f187dda0
Ethereum RPC: Faucet request successful: sent 23 tokens to 0x221f75a62Af16e13c65C3c697c6491a3F187DDA0, current balance: 23
[2025-03-11T19:34:48Z INFO  ubi_chain_rpc::eth_compat] eth_getTransactionReceipt called with params: Array([String("0x753969af4754156866a60e21774d9280a6c04840d9ab48ebb4e90ca0dc93c0f4")])
[2025-03-11T19:34:48Z INFO  ubi_chain_rpc::eth_compat] eth_getTransactionReceipt called with params: Array([String("0x8a67003d5534b06bb2620841c50dd1850a2265eeac2755271e81bae4a9047372")])
[2025-03-11T19:34:48Z INFO  ubi_chain_rpc::eth_compat] eth_getTransactionReceipt called with params: Array([String("0xc68f10900c0feeadd22de846d8648ddea03a77aa6a9620460b743b2d4ea2733b")])
[2025-03-11T19:34:48Z INFO  ubi_chain_rpc::eth_compat] eth_getTransactionCount called with params: Array([String("0x221f75a62af16e13c65c3c697c6491a3f187dda0"), String("0x0")])
[2025-03-11T19:34:48Z INFO  ubi_chain_rpc::eth_compat] eth_getTransactionCount: Storing sender address: 0x221f75a62af16e13c65c3c697c6491a3f187dda0
[2025-03-11T19:34:48Z INFO  ubi_chain_rpc::eth_compat] eth_getTransactionReceipt called with params: Array([String("0xa534cfbd88298a009652534bbfc33daf8a3831b0a8f2aaaa9acc8e85b84300cc")])
[2025-03-11T19:34:48Z INFO  ubi_chain_rpc::eth_compat] eth_getTransactionReceipt called with params: Array([String("0x3f832ef42d4d96c6afdb9210a68026bf5944279f1a181ad09af4a6533501dea1")])
[2025-03-11T19:34:51Z INFO  ubi_chain_rpc::eth_compat] eth_getTransactionReceipt called with params: Array([String("0x753969af4754156866a60e21774d9280a6c04840d9ab48ebb4e90ca0dc93c0f4")])
[2025-03-11T19:34:51Z INFO  ubi_chain_rpc::eth_compat] eth_getTransactionReceipt called with params: Array([String("0x3f832ef42d4d96c6afdb9210a68026bf5944279f1a181ad09af4a6533501dea1")])
[2025-03-11T19:34:51Z INFO  ubi_chain_rpc::eth_compat] eth_getTransactionReceipt called with params: Array([String("0x8a67003d5534b06bb2620841c50dd1850a2265eeac2755271e81bae4a9047372")])
[2025-03-11T19:34:51Z INFO  ubi_chain_rpc::eth_compat] eth_getTransactionReceipt called with params: Array([String("0xc68f10900c0feeadd22de846d8648ddea03a77aa6a9620460b743b2d4ea2733b")])
[2025-03-11T19:34:51Z INFO  ubi_chain_rpc::eth_compat] eth_getTransactionReceipt called with params: Array([String("0xa534cfbd88298a009652534bbfc33daf8a3831b0a8f2aaaa9acc8e85b84300cc")])
[2025-03-11T19:34:54Z INFO  ubi_chain_rpc::eth_compat] eth_getTransactionReceipt called with params: Array([String("0x753969af4754156866a60e21774d9280a6c04840d9ab48ebb4e90ca0dc93c0f4")])
[2025-03-11T19:34:54Z INFO  ubi_chain_rpc::eth_compat] eth_getTransactionReceipt called with params: Array([String("0x3f832ef42d4d96c6afdb9210a68026bf5944279f1a181ad09af4a6533501dea1")])
[2025-03-11T19:34:54Z INFO  ubi_chain_rpc::eth_compat] eth_getTransactionReceipt called with params: Array([String("0x8a67003d5534b06bb2620841c50dd1850a2265eeac2755271e81bae4a9047372")])
[2025-03-11T19:34:54Z INFO  ubi_chain_rpc::eth_compat] eth_getTransactionReceipt called with params: Array([String("0xc68f10900c0feeadd22de846d8648ddea03a77aa6a9620460b743b2d4ea2733b")])
[2025-03-11T19:34:54Z INFO  ubi_chain_rpc::eth_compat] eth_getTransactionReceipt called with params: Array([String("0xa534cfbd88298a009652534bbfc33daf8a3831b0a8f2aaaa9acc8e85b84300cc")])
[2025-03-11T19:34:57Z INFO  ubi_chain_rpc::eth_compat] eth_getTransactionReceipt called with params: Array([String("0x753969af4754156866a60e21774d9280a6c04840d9ab48ebb4e90ca0dc93c0f4")])
[2025-03-11T19:34:57Z INFO  ubi_chain_rpc::eth_compat] eth_getTransactionReceipt called with params: Array([String("0x3f832ef42d4d96c6afdb9210a68026bf5944279f1a181ad09af4a6533501dea1")])
[2025-03-11T19:34:57Z INFO  ubi_chain_rpc::eth_compat] eth_getTransactionReceipt called with params: Array([String("0x8a67003d5534b06bb2620841c50dd1850a2265eeac2755271e81bae4a9047372")])
[2025-03-11T19:34:57Z INFO  ubi_chain_rpc::eth_compat] eth_getTransactionReceipt called with params: Array([String("0xc68f10900c0feeadd22de846d8648ddea03a77aa6a9620460b743b2d4ea2733b")])
[2025-03-11T19:34:57Z INFO  ubi_chain_rpc::eth_compat] eth_getTransactionReceipt called with params: Array([String("0xa534cfbd88298a009652534bbfc33daf8a3831b0a8f2aaaa9acc8e85b84300cc")])
[2025-03-11T19:35:00Z INFO  ubi_chain_rpc::eth_compat] eth_getTransactionReceipt called with params: Array([String("0x753969af4754156866a60e21774d9280a6c04840d9ab48ebb4e90ca0dc93c0f4")])
[2025-03-11T19:35:00Z INFO  ubi_chain_rpc::eth_compat] eth_getTransactionReceipt called with params: Array([String("0x3f832ef42d4d96c6afdb9210a68026bf5944279f1a181ad09af4a6533501dea1")])
[2025-03-11T19:35:00Z INFO  ubi_chain_rpc::eth_compat] eth_getTransactionReceipt called with params: Array([String("0x8a67003d5534b06bb2620841c50dd1850a2265eeac2755271e81bae4a9047372")])
[2025-03-11T19:35:00Z INFO  ubi_chain_rpc::eth_compat] eth_getTransactionReceipt called with params: Array([String("0xc68f10900c0feeadd22de846d8648ddea03a77aa6a9620460b743b2d4ea2733b")])
[2025-03-11T19:35:00Z INFO  ubi_chain_rpc::eth_compat] eth_getTransactionReceipt called with params: Array([String("0xa534cfbd88298a009652534bbfc33daf8a3831b0a8f2aaaa9acc8e85b84300cc")])
[2025-03-11T19:35:03Z INFO  ubi_chain_rpc::eth_compat] eth_getTransactionReceipt called with params: Array([String("0x753969af4754156866a60e21774d9280a6c04840d9ab48ebb4e90ca0dc93c0f4")])
[2025-03-11T19:35:03Z INFO  ubi_chain_rpc::eth_compat] eth_getTransactionReceipt called with params: Array([String("0x3f832ef42d4d96c6afdb9210a68026bf5944279f1a181ad09af4a6533501dea1")])
[2025-03-11T19:35:03Z INFO  ubi_chain_rpc::eth_compat] eth_getTransactionReceipt called with params: Array([String("0x8a67003d5534b06bb2620841c50dd1850a2265eeac2755271e81bae4a9047372")])
[2025-03-11T19:35:03Z INFO  ubi_chain_rpc::eth_compat] eth_getTransactionReceipt called with params: Array([String("0xc68f10900c0feeadd22de846d8648ddea03a77aa6a9620460b743b2d4ea2733b")])
[2025-03-11T19:35:03Z INFO  ubi_chain_rpc::eth_compat] eth_getTransactionReceipt called with params: Array([String("0xa534cfbd88298a009652534bbfc33daf8a3831b0a8f2aaaa9acc8e85b84300cc")])
[2025-03-11T19:35:06Z INFO  ubi_chain_rpc::eth_compat] eth_getTransactionReceipt called with params: Array([String("0x753969af4754156866a60e21774d9280a6c04840d9ab48ebb4e90ca0dc93c0f4")])
[2025-03-11T19:35:06Z INFO  ubi_chain_rpc::eth_compat] eth_getTransactionReceipt called with params: Array([String("0x3f832ef42d4d96c6afdb9210a68026bf5944279f1a181ad09af4a6533501dea1")])
[2025-03-11T19:35:06Z INFO  ubi_chain_rpc::eth_compat] eth_getTransactionReceipt called with params: Array([String("0x8a67003d5534b06bb2620841c50dd1850a2265eeac2755271e81bae4a9047372")])
[2025-03-11T19:35:06Z INFO  ubi_chain_rpc::eth_compat] eth_getTransactionReceipt called with params: Array([String("0xc68f10900c0feeadd22de846d8648ddea03a77aa6a9620460b743b2d4ea2733b")])
[2025-03-11T19:35:06Z INFO  ubi_chain_rpc::eth_compat] eth_getTransactionReceipt called with params: Array([String("0xa534cfbd88298a009652534bbfc33daf8a3831b0a8f2aaaa9acc8e85b84300cc")])
[2025-03-11T19:35:09Z INFO  ubi_chain_rpc::eth_compat] eth_getTransactionReceipt called with params: Array([String("0x753969af4754156866a60e21774d9280a6c04840d9ab48ebb4e90ca0dc93c0f4")])
[2025-03-11T19:35:09Z INFO  ubi_chain_rpc::eth_compat] eth_getTransactionReceipt called with params: Array([String("0x3f832ef42d4d96c6afdb9210a68026bf5944279f1a181ad09af4a6533501dea1")])
[2025-03-11T19:35:09Z INFO  ubi_chain_rpc::eth_compat] eth_getTransactionReceipt called with params: Array([String("0x8a67003d5534b06bb2620841c50dd1850a2265eeac2755271e81bae4a9047372")])
[2025-03-11T19:35:09Z INFO  ubi_chain_rpc::eth_compat] eth_getTransactionReceipt called with params: Array([String("0xc68f10900c0feeadd22de846d8648ddea03a77aa6a9620460b743b2d4ea2733b")])
[2025-03-11T19:35:09Z INFO  ubi_chain_rpc::eth_compat] eth_getTransactionReceipt called with params: Array([String("0xa534cfbd88298a009652534bbfc33daf8a3831b0a8f2aaaa9acc8e85b84300cc")])
[2025-03-11T19:35:12Z INFO  ubi_chain_rpc::eth_compat] eth_getTransactionReceipt called with params: Array([String("0x753969af4754156866a60e21774d9280a6c04840d9ab48ebb4e90ca0dc93c0f4")])
[2025-03-11T19:35:12Z INFO  ubi_chain_rpc::eth_compat] eth_getTransactionReceipt called with params: Array([String("0x3f832ef42d4d96c6afdb9210a68026bf5944279f1a181ad09af4a6533501dea1")])
[2025-03-11T19:35:12Z INFO  ubi_chain_rpc::eth_compat] eth_getTransactionReceipt called with params: Array([String("0x8a67003d5534b06bb2620841c50dd1850a2265eeac2755271e81bae4a9047372")])
[2025-03-11T19:35:12Z INFO  ubi_chain_rpc::eth_compat] eth_getTransactionReceipt called with params: Array([String("0xc68f10900c0feeadd22de846d8648ddea03a77aa6a9620460b743b2d4ea2733b")])
[2025-03-11T19:35:12Z INFO  ubi_chain_rpc::eth_compat] eth_getTransactionReceipt called with params: Array([String("0xa534cfbd88298a009652534bbfc33daf8a3831b0a8f2aaaa9acc8e85b84300cc")])
[2025-03-11T19:35:15Z INFO  ubi_chain_rpc::eth_compat] eth_getTransactionReceipt called with params: Array([String("0x753969af4754156866a60e21774d9280a6c04840d9ab48ebb4e90ca0dc93c0f4")])
[2025-03-11T19:35:15Z INFO  ubi_chain_rpc::eth_compat] eth_getTransactionReceipt called with params: Array([String("0x3f832ef42d4d96c6afdb9210a68026bf5944279f1a181ad09af4a6533501dea1")])
[2025-03-11T19:35:15Z INFO  ubi_chain_rpc::eth_compat] eth_getTransactionReceipt called with params: Array([String("0x8a67003d5534b06bb2620841c50dd1850a2265eeac2755271e81bae4a9047372")])
[2025-03-11T19:35:15Z INFO  ubi_chain_rpc::eth_compat] eth_getTransactionReceipt called with params: Array([String("0xc68f10900c0feeadd22de846d8648ddea03a77aa6a9620460b743b2d4ea2733b")])
[2025-03-11T19:35:15Z INFO  ubi_chain_rpc::eth_compat] eth_getTransactionReceipt called with params: Array([String("0xa534cfbd88298a009652534bbfc33daf8a3831b0a8f2aaaa9acc8e85b84300cc")])
[2025-03-11T19:35:46Z INFO  ubi_chain_rpc::eth_compat] eth_estimateGas called with params: Array([Object {"data": String("0x"), "from": String("0x221f75a62af16e13c65c3c697c6491a3f187dda0"), "gasPrice": String("0x0"), "to": String("0x91b29b1f0cef5002191901f346208ef3f4ef67eb"), "value": String("0x0")}])
[2025-03-11T19:35:48Z INFO  ubi_chain_rpc::eth_compat] eth_estimateGas called with params: Array([Object {"data": String("0x"), "from": String("0x221f75a62af16e13c65c3c697c6491a3f187dda0"), "gasPrice": String("0x0"), "to": String("0x91b29b1f0cef5002191901f346208ef3f4ef67eb"), "value": String("0xa688906bd8b00000")}])
[2025-03-11T19:36:03Z INFO  ubi_chain_rpc::eth_compat] eth_estimateGas called with params: Array([Object {"data": String("0x"), "from": String("0x221f75a62af16e13c65c3c697c6491a3f187dda0"), "gasPrice": String("0x0"), "to": String("0x91b29b1f0cef5002191901f346208ef3f4ef67eb"), "value": String("0x68f365aea1e440000")}])
[2025-03-11T19:36:11Z INFO  ubi_chain_rpc::eth_compat] eth_sendRawTransaction called with params: Array([String("0xf86904808252089491b29b1f0cef5002191901f346208ef3f4ef67eb88a688906bd8b0000080820fffa0381d5ec244247775cdf6e826ced42c5c958957b058624377af53bc27a4ce41b8a02174c4aa54c758c082c1a715a60be47a5c2832d4adf90a11292373716f1238a6")])
[2025-03-11T19:36:11Z ERROR ubi_chain_rpc::eth_compat] Failed to decode transaction hex string
[2025-03-11T19:36:11Z INFO  ubi_chain_rpc::eth_compat] Created sender account: 0x0000000000000000000000000000000000000000
[2025-03-11T19:36:11Z INFO  ubi_chain_rpc::eth_compat] Created recipient account: 0xfe59a4dc63d8f377c8fbc3c179d7f07f7ba29106
[2025-03-11T19:36:11Z INFO  ubi_chain_rpc::eth_compat] Raw transaction successful! Hash: 0x66d13e60e14e718cf68b046c34631bc4a7feac5560b19a3fd81aac26c8e10036
